C51 COMPILER V9.60.0.0   MAIN                                                              05/11/2022 21:54:06 PAGE 1   


C51 COMPILER V9.60.0.0, COMPILATION OF MODULE MAIN
OBJECT MODULE PLACED IN .\Objects\main.obj
COMPILER INVOKED BY: D:\keil c51\C51\BIN\C51.EXE main.c OPTIMIZE(8,SPEED) BROWSE DEBUG OBJECTEXTEND PRINT(.\Listings\mai
                    -n.lst) TABS(2) OBJECT(.\Objects\main.obj)

line level    source

   1          
   2          #include "STC89Cxx.h"
   3          #include "UART.h"
   4          #include "Timer0.h"
   5          #include "Delay.h"
   6          
   7          
   8          
   9          unsigned char SBUF_review =0 ;
  10          //姿势1
  11          sbit key1=P1^0;
  12          sbit key2=P1^1;
  13          sbit key3=P1^2;
  14          //姿势2
  15          sbit key4=P1^3;
  16          sbit key5=P1^4;//用于姿势矫正的按钮
  17          //指示灯
  18          sbit LED_1 = P2^0;//姿势1
  19          sbit LED_2 = P2^1;//姿势2
  20          
  21          
  22          
  23          void main()
  24          {
  25   1      LED_1 = 1;
  26   1      LED_2 = 1;
  27   1       UART_Init();
  28   1       
  29   1      while (1)
  30   1      {
  31   2          static unsigned char flag_1 = 0;//姿势1完成标志位
  32   2          static unsigned char flag_2 = 0;//姿势2完成标志位
  33   2       if (SBUF_review == 3)
  34   2       {       
  35   3            
  36   3           if(key1==0 && key2==0 && key3  ==0  && flag_1 ==0  )
  37   3           {   LED_1 = 0;//姿势1指示灯亮
  38   4               LED_2 = 1;  //姿势2指示灯灭
  39   4                 Delay(10000);
  40   4                 if(key1==0 && key2==0 && key3  ==0 )
  41   4                      {   LED_1 = 1;  //姿势1指示灯灭
  42   5                          flag_1 = 1;//姿势1完成
  43   5                      }
  44   4           }
  45   3           if(key4==0 && key5==0 && flag_2 == 0)
  46   3                          {  
  47   4                             LED_1 = 1;//姿势1指示灯灭
  48   4                             LED_2 = 0;  //姿势2指示灯亮
  49   4                                Delay(10000);
  50   4                               if(key4==0 && key5==0)
  51   4                              {  
  52   5                                   flag_2 = 1;//姿势2完成
  53   5                                   LED_2 = 1;  //姿势2指示灯灭
  54   5                              }
C51 COMPILER V9.60.0.0   MAIN                                                              05/11/2022 21:54:06 PAGE 2   

  55   4                          }
  56   3             if( flag_1 == 0 && flag_2 == 0)
  57   3             {
  58   4              LED_1 = 0;//姿势1指示灯亮
  59   4              LED_2 = 0;  //姿势2指示灯亮
  60   4             }
  61   3      
  62   3             if(flag_1 == 1 && flag_2 == 0)    
  63   3               {
  64   4                    LED_2 = 0;  //姿势2指示灯亮
  65   4                    LED_1 = 1;  //姿势1指示灯灭
  66   4               }  else if (flag_1 == 0 && flag_2 == 1)
  67   3                         {
  68   4                         LED_2 = 1;  //姿势2指示灯灭
  69   4                         LED_1 = 0;  //姿势1指示灯亮
  70   4                         }       
  71   3      
  72   3              if(flag_1 == 1 && flag_2 == 1)
  73   3                  { 
  74   4                   UART_SendByte(2);
  75   4                    LED_2 = 1;  //姿势2指示灯灭
  76   4                    LED_1 = 1;  //姿势1指示灯灭
  77   4                    SBUF_review = 0 ;//接受数据置0
  78   4                      flag_1 = 0;
  79   4                      flag_2 = 0;
  80   4                   }
  81   3       }
  82   2          if (SBUF_review == 0)
  83   2          {
  84   3               LED_1 = 1;//姿势1指示灯灭
  85   3               LED_2 = 1;  //姿势2指示灯灭
  86   3          }
  87   2       }
  88   1      }
  89          
  90          void UART_Routine() interrupt 4
  91          {
  92   1        if(RI==1)
  93   1        {
  94   2              SBUF_review = SBUF;  //接收数据赋值
  95   2          RI=0;   //关闭接收
  96   2              
  97   2        }
  98   1      }
  99          
 100          /*
 101          void Timer0_Routine() interrupt 1    // 500us定时器中断
 102          {
 103          
 104          
 105              TL0 = 0x33;   //设置定时初始值
 106            TH0 = 0xFE;   //设置定时初始值
 107          
 108              T0Count++;
 109              if(T0Count==20000)
 110                  {
 111                      T0Count = 0;
 112                      T0Count_flag = 1;
 113                  }
 114                if(key1==0 && key2==0 && key3  ==0  )
 115               {  
 116                 if( T0Count_flag == 1)
C51 COMPILER V9.60.0.0   MAIN                                                              05/11/2022 21:54:06 PAGE 3   

 117                    { 
 118                      
 119                    }
 120               }
 121           if(T0Count==20000)
 122                  {
 123                      T0Count = 0;
 124          
 125                  }
 126          }*/


MODULE INFORMATION:   STATIC OVERLAYABLE
   CODE SIZE        =    182    ----
   CONSTANT SIZE    =   ----    ----
   XDATA SIZE       =   ----    ----
   PDATA SIZE       =   ----    ----
   DATA SIZE        =      3    ----
   IDATA SIZE       =   ----    ----
   BIT SIZE         =   ----    ----
END OF MODULE INFORMATION.


C51 COMPILATION COMPLETE.  0 WARNING(S),  0 ERROR(S)
