C51 COMPILER V9.54   MAIN                                                                  03/05/2022 21:11:01 PAGE 1   


C51 COMPILER V9.54, COMPILATION OF MODULE MAIN
OBJECT MODULE PLACED IN .\build\Target 1\main.o
COMPILER INVOKED BY: E:\kiel5\C51\BIN\C51.exe .\MAIN.C PRINT(.\build\Target 1\main.lst) OMF2 TABS(4) CODE NOCOND SYMBOLS
                    - OPTIMIZE(8,SPEED) SMALL ROM(LARGE) INCDIR(E:\kiel5\C51\INC\STC;E:\kiel5\C51\INC) DEFINE(__UVISION_VERSION=526) OBJECT(.
                    -\build\Target 1\main.o)

line level    source

   1          
   2          #include "STC89Cxx.h"
   3          #include "UART.h"
   4          #include "Timer0.h"
   5          #include "Delay.h"
   6          
   7          
   8          
   9          unsigned char SBUF_review =0 ;
  10          //姿势1
  11          sbit key1=P1^0;
  12          sbit key2=P1^1;
  13          sbit key3=P1^2;
  14          //姿势2
  15          sbit key4=P1^3;
  16          sbit key5=P1^4;//用于姿势矫正的按钮
  17          //指示灯
  18          sbit LED_1 = P2^0;//姿势1
  19          sbit LED_2 = P2^1;//姿势2
  20          
  21          
  22          
  23          void main()
  24          {
  25   1      LED_1 = 1;
  26   1      LED_2 = 1;
  27   1       UART_Init();
  28   1       
  29   1      while (1)
  30   1      {
  31   2          static unsigned char flag_1 = 0;//姿势1完成标志位
  32   2          static unsigned char flag_2 = 0;//姿势2完成标志位
  33   2       if (SBUF_review == 3)
  34   2       {       
  35   3            
  36   3           if(key1==0 && key2==0 && key3  ==0  && flag_1 ==0  )
  37   3           {   LED_1 = 0;//姿势1指示灯亮
  38   4               LED_2 = 1;  //姿势2指示灯灭
  39   4                 Delay(10000);
  40   4                 if(key1==0 && key2==0 && key3  ==0 )
  41   4                      {   LED_1 = 1;  //姿势1指示灯灭
  42   5                          flag_1 = 1;//姿势1完成
  43   5                      }
  44   4           }
  45   3           if(key4==0 && key5==0 && flag_2 == 0)
  46   3                          {  
  47   4                             LED_1 = 1;//姿势1指示灯灭
  48   4                             LED_2 = 0;  //姿势2指示灯亮
  49   4                                Delay(10000);
  50   4                               if(key4==0 && key5==0)
  51   4                              {  
  52   5                                   flag_2 = 1;//姿势2完成
  53   5                                   LED_2 = 1;  //姿势2指示灯灭
C51 COMPILER V9.54   MAIN                                                                  03/05/2022 21:11:01 PAGE 2   

  54   5                              }
  55   4                          }
  56   3             if( flag_1 == 0 && flag_2 == 0)
  57   3             {
  58   4              LED_1 = 0;//姿势1指示灯亮
  59   4              LED_2 = 0;  //姿势2指示灯亮
  60   4             }
  61   3      
  62   3             if(flag_1 == 1 && flag_2 == 0)    
  63   3               {
  64   4                    LED_2 = 0;  //姿势2指示灯亮
  65   4                    LED_1 = 1;  //姿势1指示灯灭
  66   4               }  else if (flag_1 == 0 && flag_2 == 1)
  67   3                         {
  68   4                         LED_2 = 1;  //姿势2指示灯灭
  69   4                         LED_1 = 0;  //姿势1指示灯亮
  70   4                         }       
  71   3      
  72   3              if(flag_1 == 1 && flag_2 == 1)
  73   3                  { 
  74   4                   UART_SendByte(2);
  75   4                    LED_2 = 1;  //姿势2指示灯灭
  76   4                    LED_1 = 1;  //姿势1指示灯灭
  77   4                    SBUF_review = 0 ;//接受数据置0
  78   4                      flag_1 = 0;
  79   4                      flag_2 = 0;
  80   4                   }
  81   3       }
  82   2          if (SBUF_review == 0)
  83   2          {
  84   3               LED_1 = 1;//姿势1指示灯灭
  85   3               LED_2 = 1;  //姿势2指示灯灭
  86   3          }
  87   2       }
  88   1      }
  89          
  90          void UART_Routine() interrupt 4
  91          {
  92   1          if(RI==1)
  93   1          {
  94   2              SBUF_review = SBUF;  //接收数据赋值
  95   2              RI=0;   //关闭接收
  96   2              
  97   2          }
  98   1      }
  99          
 100          /*
 101          void Timer0_Routine() interrupt 1    // 500us定时器中断
 102          {
 103          
 104          
 105              TL0 = 0x33;     //设置定时初始值
 106              TH0 = 0xFE;     //设置定时初始值
 107          
 108              T0Count++;
 109              if(T0Count==20000)
 110                  {
 111                      T0Count = 0;
 112                      T0Count_flag = 1;
 113                  }
 114                if(key1==0 && key2==0 && key3  ==0  )
 115               {  
C51 COMPILER V9.54   MAIN                                                                  03/05/2022 21:11:01 PAGE 3   

 116                 if( T0Count_flag == 1)
 117                    { 
 118                      
 119                    }
 120               }
 121           if(T0Count==20000)
 122                  {
 123                      T0Count = 0;
 124          
 125                  }
 126          }*/
C51 COMPILER V9.54   MAIN                                                                  03/05/2022 21:11:01 PAGE 4   

ASSEMBLY LISTING OF GENERATED OBJECT CODE


             ; FUNCTION main (BEGIN)
                                           ; SOURCE LINE # 23
                                           ; SOURCE LINE # 24
                                           ; SOURCE LINE # 25
0000 D2A0              SETB    LED_1
                                           ; SOURCE LINE # 26
0002 D2A1              SETB    LED_2
                                           ; SOURCE LINE # 27
0004 120000      E     LCALL   UART_Init
0007         ?C0001:
                                           ; SOURCE LINE # 29
                                           ; SOURCE LINE # 30
                                           ; SOURCE LINE # 33
0007 E500        R     MOV     A,SBUF_review
0009 6403              XRL     A,#03H
000B 6003              JZ      $ + 5H
000D 020000      R     LJMP    ?C0003
                                           ; SOURCE LINE # 34
                                           ; SOURCE LINE # 36
0010 209023            JB      key1,?C0004
0013 209120            JB      key2,?C0004
0016 20921D            JB      key3,?C0004
0019 E500        R     MOV     A,flag_1
001B 7019              JNZ     ?C0004
                                           ; SOURCE LINE # 37
001D C2A0              CLR     LED_1
                                           ; SOURCE LINE # 38
001F D2A1              SETB    LED_2
                                           ; SOURCE LINE # 39
0021 7F10              MOV     R7,#010H
0023 7E27              MOV     R6,#027H
0025 120000      E     LCALL   _Delay
                                           ; SOURCE LINE # 40
0028 20900B            JB      key1,?C0004
002B 209108            JB      key2,?C0004
002E 209205            JB      key3,?C0004
                                           ; SOURCE LINE # 41
0031 D2A0              SETB    LED_1
                                           ; SOURCE LINE # 42
0033 750001      R     MOV     flag_1,#01H
                                           ; SOURCE LINE # 43
                                           ; SOURCE LINE # 44
0036         ?C0004:
                                           ; SOURCE LINE # 45
0036 20931D            JB      key4,?C0006
0039 20941A            JB      key5,?C0006
003C E500        R     MOV     A,flag_2
003E 7016              JNZ     ?C0006
                                           ; SOURCE LINE # 46
                                           ; SOURCE LINE # 47
0040 D2A0              SETB    LED_1
                                           ; SOURCE LINE # 48
0042 C2A1              CLR     LED_2
                                           ; SOURCE LINE # 49
0044 7F10              MOV     R7,#010H
0046 7E27              MOV     R6,#027H
0048 120000      E     LCALL   _Delay
                                           ; SOURCE LINE # 50
004B 209308            JB      key4,?C0006
C51 COMPILER V9.54   MAIN                                                                  03/05/2022 21:11:01 PAGE 5   

004E 209405            JB      key5,?C0006
                                           ; SOURCE LINE # 51
                                           ; SOURCE LINE # 52
0051 750001      R     MOV     flag_2,#01H
                                           ; SOURCE LINE # 53
0054 D2A1              SETB    LED_2
                                           ; SOURCE LINE # 54
                                           ; SOURCE LINE # 55
0056         ?C0006:
                                           ; SOURCE LINE # 56
0056 E500        R     MOV     A,flag_1
0058 7008              JNZ     ?C0008
005A E500        R     MOV     A,flag_2
005C 7004              JNZ     ?C0008
                                           ; SOURCE LINE # 57
                                           ; SOURCE LINE # 58
005E C2A0              CLR     LED_1
                                           ; SOURCE LINE # 59
0060 C2A1              CLR     LED_2
                                           ; SOURCE LINE # 60
0062         ?C0008:
                                           ; SOURCE LINE # 62
0062 E500        R     MOV     A,flag_1
0064 B4010A            CJNE    A,#01H,?C0009
0067 E500        R     MOV     A,flag_2
0069 7006              JNZ     ?C0009
                                           ; SOURCE LINE # 63
                                           ; SOURCE LINE # 64
006B C2A1              CLR     LED_2
                                           ; SOURCE LINE # 65
006D D2A0              SETB    LED_1
                                           ; SOURCE LINE # 66
006F 800D              SJMP    ?C0010
0071         ?C0009:
0071 E500        R     MOV     A,flag_1
0073 7009              JNZ     ?C0010
0075 E500        R     MOV     A,flag_2
0077 B40104            CJNE    A,#01H,?C0010
                                           ; SOURCE LINE # 67
                                           ; SOURCE LINE # 68
007A D2A1              SETB    LED_2
                                           ; SOURCE LINE # 69
007C C2A0              CLR     LED_1
                                           ; SOURCE LINE # 70
007E         ?C0010:
                                           ; SOURCE LINE # 72
007E E500        R     MOV     A,flag_1
0080 B40115            CJNE    A,#01H,?C0003
0083 E500        R     MOV     A,flag_2
0085 B40110            CJNE    A,#01H,?C0003
                                           ; SOURCE LINE # 73
                                           ; SOURCE LINE # 74
0088 7F02              MOV     R7,#02H
008A 120000      E     LCALL   _UART_SendByte
                                           ; SOURCE LINE # 75
008D D2A1              SETB    LED_2
                                           ; SOURCE LINE # 76
008F D2A0              SETB    LED_1
                                           ; SOURCE LINE # 77
0091 E4                CLR     A
0092 F500        R     MOV     SBUF_review,A
                                           ; SOURCE LINE # 78
C51 COMPILER V9.54   MAIN                                                                  03/05/2022 21:11:01 PAGE 6   

0094 F500        R     MOV     flag_1,A
                                           ; SOURCE LINE # 79
0096 F500        R     MOV     flag_2,A
                                           ; SOURCE LINE # 80
                                           ; SOURCE LINE # 81
0098         ?C0003:
                                           ; SOURCE LINE # 82
0098 E500        R     MOV     A,SBUF_review
009A 6003              JZ      $ + 5H
009C 020000      R     LJMP    ?C0001
                                           ; SOURCE LINE # 83
                                           ; SOURCE LINE # 84
009F D2A0              SETB    LED_1
                                           ; SOURCE LINE # 85
00A1 D2A1              SETB    LED_2
                                           ; SOURCE LINE # 86
                                           ; SOURCE LINE # 87
00A3 020000      R     LJMP    ?C0001
             ; FUNCTION main (END)

             ; FUNCTION UART_Routine (BEGIN)
                                           ; SOURCE LINE # 90
                                           ; SOURCE LINE # 92
0000 309805            JNB     RI,?C0016
                                           ; SOURCE LINE # 93
                                           ; SOURCE LINE # 94
0003 859900      R     MOV     SBUF_review,SBUF
                                           ; SOURCE LINE # 95
0006 C298              CLR     RI
                                           ; SOURCE LINE # 97
                                           ; SOURCE LINE # 98
0008         ?C0016:
0008 32                RETI    
             ; FUNCTION UART_Routine (END)

C51 COMPILER V9.54   MAIN                                                                  03/05/2022 21:11:01 PAGE 7   

NAME                                    CLASS   MSPACE  TYPE    OFFSET  SIZE
====                                    =====   ======  ====    ======  ====


key4 . . . . . . . . . . . . . . . . .  ABSBIT   -----  BIT      0093H  1
key5 . . . . . . . . . . . . . . . . .  ABSBIT   -----  BIT      0094H  1
P0 . . . . . . . . . . . . . . . . . .  SFR      DATA   U_CHAR   0080H  1
P1 . . . . . . . . . . . . . . . . . .  SFR      DATA   U_CHAR   0090H  1
P2 . . . . . . . . . . . . . . . . . .  SFR      DATA   U_CHAR   00A0H  1
P3 . . . . . . . . . . . . . . . . . .  SFR      DATA   U_CHAR   00B0H  1
XICON. . . . . . . . . . . . . . . . .  SFR      DATA   U_CHAR   00C0H  1
T0 . . . . . . . . . . . . . . . . . .  ABSBIT   -----  BIT      00B4H  1
AC . . . . . . . . . . . . . . . . . .  ABSBIT   -----  BIT      00D6H  1
P4 . . . . . . . . . . . . . . . . . .  SFR      DATA   U_CHAR   00E8H  1
T1 . . . . . . . . . . . . . . . . . .  ABSBIT   -----  BIT      00B5H  1
ISP_TRIG . . . . . . . . . . . . . . .  SFR      DATA   U_CHAR   00E6H  1
T2 . . . . . . . . . . . . . . . . . .  ABSBIT   -----  BIT      0090H  1
EA . . . . . . . . . . . . . . . . . .  ABSBIT   -----  BIT      00AFH  1
EC . . . . . . . . . . . . . . . . . .  ABSBIT   -----  BIT      00AEH  1
UART_Routine . . . . . . . . . . . . .  PUBLIC   CODE   PROC     0000H  -----
FE . . . . . . . . . . . . . . . . . .  ABSBIT   -----  BIT      009FH  1
IE . . . . . . . . . . . . . . . . . .  SFR      DATA   U_CHAR   00A8H  1
EXF2 . . . . . . . . . . . . . . . . .  ABSBIT   -----  BIT      00CEH  1
RD . . . . . . . . . . . . . . . . . .  ABSBIT   -----  BIT      00B7H  1
ES . . . . . . . . . . . . . . . . . .  ABSBIT   -----  BIT      00ACH  1
IP . . . . . . . . . . . . . . . . . .  SFR      DATA   U_CHAR   00B8H  1
RI . . . . . . . . . . . . . . . . . .  ABSBIT   -----  BIT      0098H  1
INT0 . . . . . . . . . . . . . . . . .  ABSBIT   -----  BIT      00B2H  1
CY . . . . . . . . . . . . . . . . . .  ABSBIT   -----  BIT      00D7H  1
TI . . . . . . . . . . . . . . . . . .  ABSBIT   -----  BIT      0099H  1
INT1 . . . . . . . . . . . . . . . . .  ABSBIT   -----  BIT      00B3H  1
RCAP2H . . . . . . . . . . . . . . . .  SFR      DATA   U_CHAR   00CBH  1
ISP_CMD. . . . . . . . . . . . . . . .  SFR      DATA   U_CHAR   00E5H  1
PS . . . . . . . . . . . . . . . . . .  ABSBIT   -----  BIT      00BCH  1
SP . . . . . . . . . . . . . . . . . .  SFR      DATA   U_CHAR   0081H  1
T2EX . . . . . . . . . . . . . . . . .  ABSBIT   -----  BIT      0091H  1
OV . . . . . . . . . . . . . . . . . .  ABSBIT   -----  BIT      00D2H  1
RCAP2L . . . . . . . . . . . . . . . .  SFR      DATA   U_CHAR   00CAH  1
main . . . . . . . . . . . . . . . . .  PUBLIC   CODE   PROC     0000H  -----
  flag_1 . . . . . . . . . . . . . . .  STATIC   DATA   U_CHAR   0000H  1
  flag_2 . . . . . . . . . . . . . . .  STATIC   DATA   U_CHAR   0001H  1
SBUF_review. . . . . . . . . . . . . .  PUBLIC   DATA   U_CHAR   0002H  1
C_T2 . . . . . . . . . . . . . . . . .  ABSBIT   -----  BIT      00C9H  1
WR . . . . . . . . . . . . . . . . . .  ABSBIT   -----  BIT      00B6H  1
RCLK . . . . . . . . . . . . . . . . .  ABSBIT   -----  BIT      00CDH  1
TCLK . . . . . . . . . . . . . . . . .  ABSBIT   -----  BIT      00CCH  1
P00. . . . . . . . . . . . . . . . . .  ABSBIT   -----  BIT      0080H  1
SBUF . . . . . . . . . . . . . . . . .  SFR      DATA   U_CHAR   0099H  1
PCON . . . . . . . . . . . . . . . . .  SFR      DATA   U_CHAR   0087H  1
P10. . . . . . . . . . . . . . . . . .  ABSBIT   -----  BIT      0090H  1
P01. . . . . . . . . . . . . . . . . .  ABSBIT   -----  BIT      0081H  1
P20. . . . . . . . . . . . . . . . . .  ABSBIT   -----  BIT      00A0H  1
P11. . . . . . . . . . . . . . . . . .  ABSBIT   -----  BIT      0091H  1
P02. . . . . . . . . . . . . . . . . .  ABSBIT   -----  BIT      0082H  1
ISP_ADDRH. . . . . . . . . . . . . . .  SFR      DATA   U_CHAR   00E3H  1
P30. . . . . . . . . . . . . . . . . .  ABSBIT   -----  BIT      00B0H  1
P21. . . . . . . . . . . . . . . . . .  ABSBIT   -----  BIT      00A1H  1
P12. . . . . . . . . . . . . . . . . .  ABSBIT   -----  BIT      0092H  1
P03. . . . . . . . . . . . . . . . . .  ABSBIT   -----  BIT      0083H  1
UART_Init. . . . . . . . . . . . . . .  EXTERN   CODE   PROC     -----  -----
SCON . . . . . . . . . . . . . . . . .  SFR      DATA   U_CHAR   0098H  1
C51 COMPILER V9.54   MAIN                                                                  03/05/2022 21:11:01 PAGE 8   

NAME                                    CLASS   MSPACE  TYPE    OFFSET  SIZE
====                                    =====   ======  ====    ======  ====


P31. . . . . . . . . . . . . . . . . .  ABSBIT   -----  BIT      00B1H  1
P22. . . . . . . . . . . . . . . . . .  ABSBIT   -----  BIT      00A2H  1
P13. . . . . . . . . . . . . . . . . .  ABSBIT   -----  BIT      0093H  1
P04. . . . . . . . . . . . . . . . . .  ABSBIT   -----  BIT      0084H  1
P40. . . . . . . . . . . . . . . . . .  ABSBIT   -----  BIT      00E8H  1
TMOD . . . . . . . . . . . . . . . . .  SFR      DATA   U_CHAR   0089H  1
TCON . . . . . . . . . . . . . . . . .  SFR      DATA   U_CHAR   0088H  1
P32. . . . . . . . . . . . . . . . . .  ABSBIT   -----  BIT      00B2H  1
P23. . . . . . . . . . . . . . . . . .  ABSBIT   -----  BIT      00A3H  1
P14. . . . . . . . . . . . . . . . . .  ABSBIT   -----  BIT      0094H  1
P05. . . . . . . . . . . . . . . . . .  ABSBIT   -----  BIT      0085H  1
P41. . . . . . . . . . . . . . . . . .  ABSBIT   -----  BIT      00E9H  1
P33. . . . . . . . . . . . . . . . . .  ABSBIT   -----  BIT      00B3H  1
P24. . . . . . . . . . . . . . . . . .  ABSBIT   -----  BIT      00A4H  1
P15. . . . . . . . . . . . . . . . . .  ABSBIT   -----  BIT      0095H  1
P06. . . . . . . . . . . . . . . . . .  ABSBIT   -----  BIT      0086H  1
ISP_ADDRL. . . . . . . . . . . . . . .  SFR      DATA   U_CHAR   00E4H  1
P42. . . . . . . . . . . . . . . . . .  ABSBIT   -----  BIT      00EAH  1
P34. . . . . . . . . . . . . . . . . .  ABSBIT   -----  BIT      00B4H  1
P25. . . . . . . . . . . . . . . . . .  ABSBIT   -----  BIT      00A5H  1
P16. . . . . . . . . . . . . . . . . .  ABSBIT   -----  BIT      0096H  1
P07. . . . . . . . . . . . . . . . . .  ABSBIT   -----  BIT      0087H  1
P43. . . . . . . . . . . . . . . . . .  ABSBIT   -----  BIT      00EBH  1
P35. . . . . . . . . . . . . . . . . .  ABSBIT   -----  BIT      00B5H  1
P26. . . . . . . . . . . . . . . . . .  ABSBIT   -----  BIT      00A6H  1
P17. . . . . . . . . . . . . . . . . .  ABSBIT   -----  BIT      0097H  1
P44. . . . . . . . . . . . . . . . . .  ABSBIT   -----  BIT      00ECH  1
P36. . . . . . . . . . . . . . . . . .  ABSBIT   -----  BIT      00B6H  1
P27. . . . . . . . . . . . . . . . . .  ABSBIT   -----  BIT      00A7H  1
P45. . . . . . . . . . . . . . . . . .  ABSBIT   -----  BIT      00EDH  1
P37. . . . . . . . . . . . . . . . . .  ABSBIT   -----  BIT      00B7H  1
P46. . . . . . . . . . . . . . . . . .  ABSBIT   -----  BIT      00EEH  1
IE0. . . . . . . . . . . . . . . . . .  ABSBIT   -----  BIT      0089H  1
IE1. . . . . . . . . . . . . . . . . .  ABSBIT   -----  BIT      008BH  1
_UART_SendByte . . . . . . . . . . . .  EXTERN   CODE   PROC     -----  -----
AUXR . . . . . . . . . . . . . . . . .  SFR      DATA   U_CHAR   008EH  1
B. . . . . . . . . . . . . . . . . . .  SFR      DATA   U_CHAR   00F0H  1
CP_RL2 . . . . . . . . . . . . . . . .  ABSBIT   -----  BIT      00C8H  1
ACC. . . . . . . . . . . . . . . . . .  SFR      DATA   U_CHAR   00E0H  1
ET0. . . . . . . . . . . . . . . . . .  ABSBIT   -----  BIT      00A9H  1
ET1. . . . . . . . . . . . . . . . . .  ABSBIT   -----  BIT      00ABH  1
TF0. . . . . . . . . . . . . . . . . .  ABSBIT   -----  BIT      008DH  1
ET2. . . . . . . . . . . . . . . . . .  ABSBIT   -----  BIT      00ADH  1
TF1. . . . . . . . . . . . . . . . . .  ABSBIT   -----  BIT      008FH  1
TF2. . . . . . . . . . . . . . . . . .  ABSBIT   -----  BIT      00CFH  1
RB8. . . . . . . . . . . . . . . . . .  ABSBIT   -----  BIT      009AH  1
TH0. . . . . . . . . . . . . . . . . .  SFR      DATA   U_CHAR   008CH  1
EX0. . . . . . . . . . . . . . . . . .  ABSBIT   -----  BIT      00A8H  1
IT0. . . . . . . . . . . . . . . . . .  ABSBIT   -----  BIT      0088H  1
TH1. . . . . . . . . . . . . . . . . .  SFR      DATA   U_CHAR   008DH  1
TB8. . . . . . . . . . . . . . . . . .  ABSBIT   -----  BIT      009BH  1
EX1. . . . . . . . . . . . . . . . . .  ABSBIT   -----  BIT      00AAH  1
IT1. . . . . . . . . . . . . . . . . .  ABSBIT   -----  BIT      008AH  1
TH2. . . . . . . . . . . . . . . . . .  SFR      DATA   U_CHAR   00CDH  1
P. . . . . . . . . . . . . . . . . . .  ABSBIT   -----  BIT      00D0H  1
SM0. . . . . . . . . . . . . . . . . .  ABSBIT   -----  BIT      009FH  1
TL0. . . . . . . . . . . . . . . . . .  SFR      DATA   U_CHAR   008AH  1
C51 COMPILER V9.54   MAIN                                                                  03/05/2022 21:11:01 PAGE 9   

NAME                                    CLASS   MSPACE  TYPE    OFFSET  SIZE
====                                    =====   ======  ====    ======  ====


SM1. . . . . . . . . . . . . . . . . .  ABSBIT   -----  BIT      009EH  1
TL1. . . . . . . . . . . . . . . . . .  SFR      DATA   U_CHAR   008BH  1
SM2. . . . . . . . . . . . . . . . . .  ABSBIT   -----  BIT      009DH  1
TL2. . . . . . . . . . . . . . . . . .  SFR      DATA   U_CHAR   00CCH  1
PT0. . . . . . . . . . . . . . . . . .  ABSBIT   -----  BIT      00B9H  1
PT1. . . . . . . . . . . . . . . . . .  ABSBIT   -----  BIT      00BBH  1
RS0. . . . . . . . . . . . . . . . . .  ABSBIT   -----  BIT      00D3H  1
ISP_CONTR. . . . . . . . . . . . . . .  SFR      DATA   U_CHAR   00E7H  1
PT2. . . . . . . . . . . . . . . . . .  ABSBIT   -----  BIT      00BDH  1
TR0. . . . . . . . . . . . . . . . . .  ABSBIT   -----  BIT      008CH  1
RS1. . . . . . . . . . . . . . . . . .  ABSBIT   -----  BIT      00D4H  1
TR1. . . . . . . . . . . . . . . . . .  ABSBIT   -----  BIT      008EH  1
TR2. . . . . . . . . . . . . . . . . .  ABSBIT   -----  BIT      00CAH  1
PX0. . . . . . . . . . . . . . . . . .  ABSBIT   -----  BIT      00B8H  1
WDT_CONTR. . . . . . . . . . . . . . .  SFR      DATA   U_CHAR   00E1H  1
PX1. . . . . . . . . . . . . . . . . .  ABSBIT   -----  BIT      00BAH  1
DPH. . . . . . . . . . . . . . . . . .  SFR      DATA   U_CHAR   0083H  1
DPL. . . . . . . . . . . . . . . . . .  SFR      DATA   U_CHAR   0082H  1
IPH. . . . . . . . . . . . . . . . . .  SFR      DATA   U_CHAR   00B7H  1
EXEN2. . . . . . . . . . . . . . . . .  ABSBIT   -----  BIT      00CBH  1
REN. . . . . . . . . . . . . . . . . .  ABSBIT   -----  BIT      009CH  1
LED_1. . . . . . . . . . . . . . . . .  ABSBIT   -----  BIT      00A0H  1
LED_2. . . . . . . . . . . . . . . . .  ABSBIT   -----  BIT      00A1H  1
T2MOD. . . . . . . . . . . . . . . . .  SFR      DATA   U_CHAR   00C9H  1
T2CON. . . . . . . . . . . . . . . . .  SFR      DATA   U_CHAR   00C8H  1
ISP_DATA . . . . . . . . . . . . . . .  SFR      DATA   U_CHAR   00E2H  1
SADEN. . . . . . . . . . . . . . . . .  SFR      DATA   U_CHAR   00B9H  1
RXD. . . . . . . . . . . . . . . . . .  ABSBIT   -----  BIT      00B0H  1
SADDR. . . . . . . . . . . . . . . . .  SFR      DATA   U_CHAR   00A9H  1
TXD. . . . . . . . . . . . . . . . . .  ABSBIT   -----  BIT      00B1H  1
_Delay . . . . . . . . . . . . . . . .  EXTERN   CODE   PROC     -----  -----
AUXR1. . . . . . . . . . . . . . . . .  SFR      DATA   U_CHAR   00A2H  1
F0 . . . . . . . . . . . . . . . . . .  ABSBIT   -----  BIT      00D5H  1
F1 . . . . . . . . . . . . . . . . . .  ABSBIT   -----  BIT      00D1H  1
PSW. . . . . . . . . . . . . . . . . .  SFR      DATA   U_CHAR   00D0H  1
key1 . . . . . . . . . . . . . . . . .  ABSBIT   -----  BIT      0090H  1
key2 . . . . . . . . . . . . . . . . .  ABSBIT   -----  BIT      0091H  1
key3 . . . . . . . . . . . . . . . . .  ABSBIT   -----  BIT      0092H  1


MODULE INFORMATION:   STATIC OVERLAYABLE
   CODE SIZE        =    178    ----
   CONSTANT SIZE    =   ----    ----
   XDATA SIZE       =   ----    ----
   PDATA SIZE       =   ----    ----
   DATA SIZE        =      3    ----
   IDATA SIZE       =   ----    ----
   BIT SIZE         =   ----    ----
   EDATA SIZE       =   ----    ----
   HDATA SIZE       =   ----    ----
   XDATA CONST SIZE =   ----    ----
   FAR CONST SIZE   =   ----    ----
END OF MODULE INFORMATION.


C51 COMPILATION COMPLETE.  0 WARNING(S),  0 ERROR(S)
