C51 COMPILER V9.54   DELAY                                                                 02/21/2022 13:41:35 PAGE 1   


C51 COMPILER V9.54, COMPILATION OF MODULE DELAY
OBJECT MODULE PLACED IN .\Objects\Delay.obj
COMPILER INVOKED BY: E:\kiel5\C51\BIN\C51.EXE Delay.c OPTIMIZE(8,SPEED) BROWSE DEBUG OBJECTEXTEND PRINT(.\Listings\Delay
                    -.lst) TABS(2) OBJECT(.\Objects\Delay.obj)

line level    source

   1          /*模板
   2          void Delay(unsigned int xms)//@12MHz
   3          {
   4            unsigned char i, j;
   5            while(xms--)
   6            {
   7              i = 2;
   8              j = 239;
   9              do
  10              {
  11                while (--j);
  12              } while (--i);
  13            }
  14          }
  15          */
  16          #include "intrins.h"
  17          void Delay(unsigned int xms)    //@11.0592MHz
  18          {
  19   1        unsigned char i, j;
  20   1          while(xms--){
  21   2      
  22   2          _nop_();
  23   2        i = 2;
  24   2        j = 199;
  25   2        do
  26   2            {
  27   3          while (--j);
  28   3            } while (--i);
  29   2          
  30   2                    }
  31   1        
  32   1      }


MODULE INFORMATION:   STATIC OVERLAYABLE
   CODE SIZE        =     22    ----
   CONSTANT SIZE    =   ----    ----
   XDATA SIZE       =   ----    ----
   PDATA SIZE       =   ----    ----
   DATA SIZE        =   ----    ----
   IDATA SIZE       =   ----    ----
   BIT SIZE         =   ----    ----
END OF MODULE INFORMATION.


C51 COMPILATION COMPLETE.  0 WARNING(S),  0 ERROR(S)
