C51 COMPILER V9.60.0.0   PWM                                                               05/11/2022 23:11:27 PAGE 1   


C51 COMPILER V9.60.0.0, COMPILATION OF MODULE PWM
OBJECT MODULE PLACED IN .\Objects\pwm.obj
COMPILER INVOKED BY: D:\keil c51\C51\BIN\C51.EXE pwm.c OPTIMIZE(8,SPEED) BROWSE DEBUG OBJECTEXTEND PRINT(.\Listings\pwm.
                    -lst) TABS(2) OBJECT(.\Objects\pwm.obj)

line level    source

   1          #include "STC89Cxx.h"
   2          sbit PWM=P1^2;//舵机
   3          extern unsigned char num_count = 0;//周期计数变量
   4          unsigned int t=0;
   5          unsigned int a=0;//计时标志位
   6          unsigned int time=0;
   7          unsigned int jiaodu = 0;//舵机角度控制
   8          /**
   9            * @brief  舵机开，左转90
  10            * @param  无
  11            * @retval 无
  12            */
  13          void PWM_up(void)//舵机开，左转90
  14          {   
  15   1      jiaodu = 1;
  16   1      }
  17          /**
  18            * @brief  舵机关，转到0
  19            * @param  无
  20            * @retval 无
  21            */
  22           void PWM_off(void)//舵机关，转到0
  23          {
  24   1         jiaodu = 3;
  25   1      }
  26          
  27          void Timer0_Routine() interrupt 1    // 500us定时器中断
  28          {
  29   1        static unsigned int T0Count;// 动态扫描的索引，定义为局部静态变量
  30   1          TL0 = 0x33;   //设置定时初始值
  31   1        TH0 = 0xFE;   //设置定时初始值
  32   1        T0Count++;
  33   1        if(a==1)
  34   1        {
  35   2         t++;
  36   2        if(t==60000)//周期时间
  37   2          time++;
  38   2      }
  39   1        
  40   1        
  41   1          
  42   1           if(T0Count>=40)//舵机周期20ms
  43   1          T0Count=0;
  44   1        
  45   1        if(T0Count <= jiaodu)
  46   1         PWM = 1;//高电平占空比由变量jiaodu控制，jiaodu=1时高电平0.5ms,jiaodu=5时高电平2.5ms
  47   1        if(T0Count > jiaodu && T0Count <= 40)
  48   1         PWM = 0;//低电平占空比，jiaodu=1时低电平19.5ms，jiaodu=5时低电平17.5ms
  49   1      
  50   1      
  51   1      }
  52          


C51 COMPILER V9.60.0.0   PWM                                                               05/11/2022 23:11:27 PAGE 2   

MODULE INFORMATION:   STATIC OVERLAYABLE
   CODE SIZE        =    180    ----
   CONSTANT SIZE    =   ----    ----
   XDATA SIZE       =   ----    ----
   PDATA SIZE       =   ----    ----
   DATA SIZE        =     11    ----
   IDATA SIZE       =   ----    ----
   BIT SIZE         =   ----    ----
END OF MODULE INFORMATION.


C51 COMPILATION COMPLETE.  0 WARNING(S),  0 ERROR(S)
