C51 COMPILER V9.54   TIMER0                                                                02/21/2022 13:41:35 PAGE 1   


C51 COMPILER V9.54, COMPILATION OF MODULE TIMER0
OBJECT MODULE PLACED IN .\Objects\Timer0.obj
COMPILER INVOKED BY: E:\kiel5\C51\BIN\C51.EXE Timer0.c OPTIMIZE(8,SPEED) BROWSE DEBUG OBJECTEXTEND PRINT(.\Listings\Time
                    -r0.lst) TABS(2) OBJECT(.\Objects\Timer0.obj)

line level    source

   1          #include "STC89Cxx.h"
   2          
   3          /**
   4            * @brief  定时器0初始化，500微秒@11.0592MHz
   5            * @param  无
   6            * @retval 无
   7            */
   8          
   9          void Timer0Init(void)   //500微秒@11.0592MHz
  10          {
  11   1      
  12   1        TMOD &= 0xF0;   //设置定时器模式
  13   1        TMOD |= 0x01;   //设置定时器模式
  14   1        TL0 = 0x33;   //设置定时初始值
  15   1        TH0 = 0xFE;   //设置定时初始值
  16   1        TF0 = 0;    //清除TF0标志
  17   1        TR0 = 1;    //定时器0开始计时
  18   1        ET0=1;          //T0的中断允许位，1允许
  19   1        EA=1;            //总中断允许控制位
  20   1        PT0=1;           //中断优先级处理高优先级，只设置IP寄存器
  21   1      }
  22          
  23          
  24          /*定时器中断模板
  25          void Timer0_Routine() interrupt 1    // 500us定时器中断
  26          {
  27            static unsigned int T0Count;// 动态扫描的索引，定义为局部静态变量
  28            static unsigned int T0Count_1;
  29              TL0 = 0x33;   //设置定时初始值
  30            TH0 = 0xFE;   //设置定时初始值
  31            T0Count++;
  32              
  33              if(T0Count ==1000)
  34              {
  35                  T0Count = 0;
  36              }
  37          
  38          }
  39          */


MODULE INFORMATION:   STATIC OVERLAYABLE
   CODE SIZE        =     23    ----
   CONSTANT SIZE    =   ----    ----
   XDATA SIZE       =   ----    ----
   PDATA SIZE       =   ----    ----
   DATA SIZE        =   ----    ----
   IDATA SIZE       =   ----    ----
   BIT SIZE         =   ----    ----
END OF MODULE INFORMATION.


C51 COMPILATION COMPLETE.  0 WARNING(S),  0 ERROR(S)
