C51 COMPILER V9.54   UART                                                                  02/21/2022 13:41:35 PAGE 1   


C51 COMPILER V9.54, COMPILATION OF MODULE UART
OBJECT MODULE PLACED IN .\Objects\UART.obj
COMPILER INVOKED BY: E:\kiel5\C51\BIN\C51.EXE UART.c OPTIMIZE(8,SPEED) BROWSE DEBUG OBJECTEXTEND PRINT(.\Listings\UART.l
                    -st) TABS(2) OBJECT(.\Objects\UART.obj)

line level    source

   1          #include "STC89Cxx.h"
   2          
   3          /**
   4            * @brief  串口初始化，4800bps@12.000MHz
   5            * @param  无
   6            * @retval 无
   7            */
   8          /*void UART_Init()
   9          {
  10            SCON=0x50;
  11            PCON |= 0x80;
  12            TMOD &= 0x0F;   //设置定时器模式
  13            TMOD |= 0x20;   //设置定时器模式
  14            TL1 = 0xF3;   //设定定时初值
  15            TH1 = 0xF3;   //设定定时器重装值
  16            ET1 = 0;    //禁止定时器1中断
  17            TR1 = 1;    //启动定时器1
  18            EA=1;
  19            ES=1;
  20          }*/
  21          /**
  22            * @brief  串口初始化，9600bps@11.0592MHz
  23            * @param  无
  24            * @retval 无
  25            */
  26          void  UART_Init()   //9600bps@11.0592MHz
  27          {
  28   1        PCON |= 0x80;   //使能波特率倍速位SMOD
  29   1        SCON = 0x50;    //8位数据,可变波特率
  30   1        TMOD &= 0x0F;   //设置定时器模式
  31   1        TMOD |= 0x20;   //设置定时器模式
  32   1        TL1 = 0xFA;   //设置定时初始值
  33   1        TH1 = 0xFA;   //设置定时重载值
  34   1        ET1 = 0;    //禁止定时器1中断
  35   1        TR1 = 1;    //定时器1开始计时
  36   1          EA=1;            //打开总中断
  37   1        ES=1;            //串行口中断允许控制位
  38   1      }
  39          
  40          /**
  41            * @brief  串口发送一个字节数据
  42            * @param  Byte 要发送的一个字节数据
  43            * @retval 无
  44            */
  45          void UART_SendByte(unsigned char Byte)
  46          {
  47   1        SBUF=Byte;
  48   1        while(TI==0);
  49   1        TI=0;
  50   1      }
  51          
  52          /*串口中断函数模板
  53          void UART_Routine() interrupt 4
  54          {
C51 COMPILER V9.54   UART                                                                  02/21/2022 13:41:35 PAGE 2   

  55            if(RI==1)
  56            {
  57              
  58              RI=0;
  59            }
  60          }
  61          */


MODULE INFORMATION:   STATIC OVERLAYABLE
   CODE SIZE        =     35    ----
   CONSTANT SIZE    =   ----    ----
   XDATA SIZE       =   ----    ----
   PDATA SIZE       =   ----    ----
   DATA SIZE        =   ----    ----
   IDATA SIZE       =   ----    ----
   BIT SIZE         =   ----    ----
END OF MODULE INFORMATION.


C51 COMPILATION COMPLETE.  0 WARNING(S),  0 ERROR(S)
