C51 COMPILER V9.54   DELAY                                                                 02/21/2022 13:33:20 PAGE 1   


C51 COMPILER V9.54, COMPILATION OF MODULE DELAY
OBJECT MODULE PLACED IN .\build\Target 1\Delay.o
COMPILER INVOKED BY: E:\kiel5\C51\BIN\C51.exe .\DELAY.C PRINT(.\build\Target 1\Delay.lst) OMF2 TABS(4) CODE NOCOND SYMBO
                    -LS OPTIMIZE(8,SPEED) SMALL ROM(LARGE) INCDIR(E:\kiel5\C51\INC\Atmel;E:\kiel5\C51\INC) DEFINE(__UVISION_VERSION=526) OBJE
                    -CT(.\build\Target 1\Delay.o)

line level    source

   1          /*模板
   2          void Delay(unsigned int xms)//@12MHz
   3          {
   4              unsigned char i, j;
   5              while(xms--)
   6              {
   7                  i = 2;
   8                  j = 239;
   9                  do
  10                  {
  11                      while (--j);
  12                  } while (--i);
  13              }
  14          }
  15          */
  16          #include "intrins.h"
  17          void Delay(unsigned int xms)        //@11.0592MHz
  18          {
  19   1          unsigned char i, j;
  20   1          while(xms--){
  21   2      
  22   2          _nop_();
  23   2          i = 2;
  24   2          j = 199;
  25   2          do
  26   2              {
  27   3              while (--j);
  28   3              } while (--i);
  29   2              
  30   2                      }
  31   1          
  32   1      }
C51 COMPILER V9.54   DELAY                                                                 02/21/2022 13:33:20 PAGE 2   

ASSEMBLY LISTING OF GENERATED OBJECT CODE


             ; FUNCTION _Delay (BEGIN)
                                           ; SOURCE LINE # 17
;---- Variable 'xms' assigned to Register 'R6/R7' ----
                                           ; SOURCE LINE # 18
0000         ?C0001:
                                           ; SOURCE LINE # 20
0000 EF                MOV     A,R7
0001 1F                DEC     R7
0002 AC06              MOV     R4,AR6
0004 7001              JNZ     ?C0009
0006 1E                DEC     R6
0007         ?C0009:
0007 4C                ORL     A,R4
0008 600B              JZ      ?C0008
                                           ; SOURCE LINE # 22
000A 00                NOP     
                                           ; SOURCE LINE # 23
;---- Variable 'i' assigned to Register 'R5' ----
000B 7D02              MOV     R5,#02H
                                           ; SOURCE LINE # 24
;---- Variable 'j' assigned to Register 'R4' ----
000D 7CC7              MOV     R4,#0C7H
                                           ; SOURCE LINE # 26
000F         ?C0006:
                                           ; SOURCE LINE # 27
000F DCFE              DJNZ    R4,?C0006
0011         ?C0007:
                                           ; SOURCE LINE # 28
0011         ?C0003:
0011 DDFC              DJNZ    R5,?C0006
                                           ; SOURCE LINE # 30
0013 80EB              SJMP    ?C0001
                                           ; SOURCE LINE # 32
0015         ?C0008:
0015 22                RET     
             ; FUNCTION _Delay (END)

C51 COMPILER V9.54   DELAY                                                                 02/21/2022 13:33:20 PAGE 3   

NAME                                    CLASS   MSPACE  TYPE    OFFSET  SIZE
====                                    =====   ======  ====    ======  ====


_Delay . . . . . . . . . . . . . . . .  PUBLIC   CODE   PROC     0000H  -----
  xms. . . . . . . . . . . . . . . . .  * REG *  DATA   U_INT    0006H  2
  i. . . . . . . . . . . . . . . . . .  * REG *  DATA   U_CHAR   0005H  1
  j. . . . . . . . . . . . . . . . . .  * REG *  DATA   U_CHAR   0004H  1


MODULE INFORMATION:   STATIC OVERLAYABLE
   CODE SIZE        =     22    ----
   CONSTANT SIZE    =   ----    ----
   XDATA SIZE       =   ----    ----
   PDATA SIZE       =   ----    ----
   DATA SIZE        =   ----    ----
   IDATA SIZE       =   ----    ----
   BIT SIZE         =   ----    ----
   EDATA SIZE       =   ----    ----
   HDATA SIZE       =   ----    ----
   XDATA CONST SIZE =   ----    ----
   FAR CONST SIZE   =   ----    ----
END OF MODULE INFORMATION.


C51 COMPILATION COMPLETE.  0 WARNING(S),  0 ERROR(S)
