[2022-02-21 21:28:34]	[done]
	build successfully !

[2022-02-21 21:28:41]	[done]
	build successfully !

[2022-02-21 21:38:50]	[done]
	build successfully !

[2022-03-04 21:58:11]	compilation failed at : "c:\Users\17752352458\Desktop\草稿\智能书房系统B单片机\main.c", exit code: 2
  at unify_builder.Program.Main (System.String[] args) [0x0187a] in <67d11e1b30504dd6babd321425698ba1>:0 
---
C51 COMPILER V9.54 - SN: K1DZC-GZIKNC
COPYRIGHT Copyright (C) 2012 - 2015 ARM Ltd and ARM Germany GmbH. All rights reserved.
*** ERROR C231 IN LINE 16 OF .\MAIN.C: 'P21': redefinition
*** ERROR C202 IN LINE 16 OF .\MAIN.C: 'LED_1': undefined identifier
*** ERROR C231 IN LINE 16 OF .\MAIN.C: 'P21': redefinition
*** ERROR C231 IN LINE 17 OF .\MAIN.C: 'P22': redefinition
*** ERROR C202 IN LINE 17 OF .\MAIN.C: 'LED_2': undefined identifier
*** ERROR C231 IN LINE 17 OF .\MAIN.C: 'P22': redefinition
*** ERROR C202 IN LINE 27 OF .\MAIN.C: 'LED_1': undefined identifier
*** ERROR C202 IN LINE 31 OF .\MAIN.C: 'LED_1': undefined identifier
*** ERROR C202 IN LINE 32 OF .\MAIN.C: 'LED_2': undefined identifier
*** ERROR C202 IN LINE 36 OF .\MAIN.C: 'LED_2': undefined identifier
C51 COMPILATION COMPLETE.  0 WARNING(S),  10 ERROR(S)

[2022-03-04 22:11:14]	compilation failed at : "c:\Users\17752352458\Desktop\草稿\智能书房系统B单片机\main.c", exit code: 2
  at unify_builder.Program.Main (System.String[] args) [0x0187a] in <67d11e1b30504dd6babd321425698ba1>:0 
---
C51 COMPILER V9.54 - SN: K1DZC-GZIKNC
COPYRIGHT Copyright (C) 2012 - 2015 ARM Ltd and ARM Germany GmbH. All rights reserved.
*** ERROR C146 IN LINE 18 OF .\MAIN.C: 'P21': invalid base address
*** ERROR C146 IN LINE 19 OF .\MAIN.C: 'P22': invalid base address
C51 COMPILATION COMPLETE.  0 WARNING(S),  2 ERROR(S)

[2022-03-04 22:12:01]	compilation failed at : "c:\Users\17752352458\Desktop\草稿\智能书房系统B单片机\main.c", exit code: 2
  at unify_builder.Program.Main (System.String[] args) [0x0187a] in <67d11e1b30504dd6babd321425698ba1>:0 
---
C51 COMPILER V9.54 - SN: K1DZC-GZIKNC
COPYRIGHT Copyright (C) 2012 - 2015 ARM Ltd and ARM Germany GmbH. All rights reserved.
*** ERROR C231 IN LINE 20 OF .\MAIN.C: 'LED_1': redefinition
*** ERROR C231 IN LINE 20 OF .\MAIN.C: 'LED_1': redefinition
*** ERROR C231 IN LINE 21 OF .\MAIN.C: 'LED_2': redefinition
*** ERROR C231 IN LINE 21 OF .\MAIN.C: 'LED_2': redefinition
C51 COMPILATION COMPLETE.  0 WARNING(S),  4 ERROR(S)

[2022-03-04 22:12:49]	compilation failed at : "c:\Users\17752352458\Desktop\草稿\智能书房系统B单片机\main.c", exit code: 2
  at unify_builder.Program.Main (System.String[] args) [0x0187a] in <67d11e1b30504dd6babd321425698ba1>:0 
---
C51 COMPILER V9.54 - SN: K1DZC-GZIKNC
COPYRIGHT Copyright (C) 2012 - 2015 ARM Ltd and ARM Germany GmbH. All rights reserved.
*** ERROR C141 IN LINE 27 OF .\MAIN.C: syntax error near 'void'
C51 COMPILATION COMPLETE.  0 WARNING(S),  1 ERROR(S)

[2022-03-04 22:13:44]	compilation failed at : "c:\Users\17752352458\Desktop\草稿\智能书房系统B单片机\main.c", exit code: 2
  at unify_builder.Program.Main (System.String[] args) [0x0187a] in <67d11e1b30504dd6babd321425698ba1>:0 
---
C51 COMPILER V9.54 - SN: K1DZC-GZIKNC
COPYRIGHT Copyright (C) 2012 - 2015 ARM Ltd and ARM Germany GmbH. All rights reserved.
*** ERROR C141 IN LINE 27 OF .\MAIN.C: syntax error near 'void'
C51 COMPILATION COMPLETE.  0 WARNING(S),  1 ERROR(S)

[2022-03-04 22:13:55]	[done]
	build successfully !

[2022-03-04 22:14:00]	[done]
	build successfully !

[2022-03-04 22:33:39]	[done]
	build successfully !

[2022-03-04 22:35:51]	[done]
	build successfully !

[2022-03-04 22:36:06]	[done]
	build successfully !

[2022-03-04 22:36:20]	[done]
	build successfully !

[2022-03-04 23:18:02]	compilation failed at : "c:\Users\17752352458\Desktop\草稿\智能书房系统B单片机\main.c", exit code: 2
  at unify_builder.Program.Main (System.String[] args) [0x0187a] in <67d11e1b30504dd6babd321425698ba1>:0 
---
C51 COMPILER V9.54 - SN: K1DZC-GZIKNC
COPYRIGHT Copyright (C) 2012 - 2015 ARM Ltd and ARM Germany GmbH. All rights reserved.
*** WARNING C318 IN LINE 5 OF .\MAIN.C: can't open file 'Delay.h'
*** WARNING C206 IN LINE 37 OF .\MAIN.C: 'Delay': missing function-prototype
*** ERROR C267 IN LINE 37 OF .\MAIN.C: 'Delay': requires ANSI-style prototype
C51 COMPILATION COMPLETE.  2 WARNING(S),  1 ERROR(S)

[2022-03-04 23:19:59]	compilation failed at : "c:\Users\17752352458\Desktop\草稿\智能书房系统B单片机\main.c", exit code: 2
  at unify_builder.Program.Main (System.String[] args) [0x0187a] in <67d11e1b30504dd6babd321425698ba1>:0 
---
C51 COMPILER V9.54 - SN: K1DZC-GZIKNC
COPYRIGHT Copyright (C) 2012 - 2015 ARM Ltd and ARM Germany GmbH. All rights reserved.
*** WARNING C318 IN LINE 5 OF .\MAIN.C: can't open file 'Delay.h'
*** WARNING C206 IN LINE 37 OF .\MAIN.C: 'Delay': missing function-prototype
*** ERROR C267 IN LINE 37 OF .\MAIN.C: 'Delay': requires ANSI-style prototype
C51 COMPILATION COMPLETE.  2 WARNING(S),  1 ERROR(S)

[2022-03-04 23:20:58]	[done]
	build successfully !

[2022-03-04 23:21:20]	[done]
	build successfully !

[2022-03-04 23:24:43]	[done]
	build successfully !

[2022-03-05 16:50:37]	compilation failed at : "c:\Users\17752352458\Desktop\草稿\智能书房系统B单片机\main.c", exit code: 2
  at unify_builder.Program.Main (System.String[] args) [0x0187a] in <67d11e1b30504dd6babd321425698ba1>:0 
---
C51 COMPILER V9.54 - SN: K1DZC-GZIKNC
COPYRIGHT Copyright (C) 2012 - 2015 ARM Ltd and ARM Germany GmbH. All rights reserved.
*** ERROR C141 IN LINE 57 OF .\MAIN.C: syntax error near '='
*** ERROR C141 IN LINE 57 OF .\MAIN.C: syntax error near ')'
C51 COMPILATION COMPLETE.  0 WARNING(S),  2 ERROR(S)

[2022-03-05 16:50:54]	[done]
	build successfully !

[2022-03-05 17:42:25]	[done]
	build successfully !

[2022-03-05 20:54:45]	[done]
	build successfully !

[2022-03-05 21:08:52]	[done]
	build successfully !

[2022-03-05 21:11:01]	[done]
	build successfully !

